<?xml version="1.0" encoding="UTF-8"?>
<testng-results ignored="0" total="3" passed="3" failed="0" skipped="0">
  <reporter-output>
  </reporter-output>
  <suite started-at="2024-03-27T15:37:54 IST" name="Default suite" finished-at="2024-03-27T15:37:57 IST" duration-ms="2587">
    <groups>
    </groups>
    <test started-at="2024-03-27T15:37:54 IST" name="Default test" finished-at="2024-03-27T15:37:57 IST" duration-ms="2587">
      <class name="DynamicJson">
        <test-method signature="addBook(java.lang.String,java.lang.String)[pri:0, instance:DynamicJson@49049a04]" started-at="2024-03-27T15:37:54 IST" name="addBook" data-provider="BookData" finished-at="2024-03-27T15:37:57 IST" duration-ms="2262" status="PASS">
          <params>
            <param index="0">
              <value>
                <![CDATA[asd]]>
              </value>
            </param>
            <param index="1">
              <value>
                <![CDATA[qwe]]>
              </value>
            </param>
          </params>
          <reporter-output>
          </reporter-output>
        </test-method> <!-- addBook -->
        <test-method signature="addBook(java.lang.String,java.lang.String)[pri:0, instance:DynamicJson@49049a04]" started-at="2024-03-27T15:37:57 IST" name="addBook" data-provider="BookData" finished-at="2024-03-27T15:37:57 IST" duration-ms="142" status="PASS">
          <params>
            <param index="0">
              <value>
                <![CDATA[zxc]]>
              </value>
            </param>
            <param index="1">
              <value>
                <![CDATA[rty]]>
              </value>
            </param>
          </params>
          <reporter-output>
          </reporter-output>
        </test-method> <!-- addBook -->
        <test-method signature="addBook(java.lang.String,java.lang.String)[pri:0, instance:DynamicJson@49049a04]" started-at="2024-03-27T15:37:57 IST" name="addBook" data-provider="BookData" finished-at="2024-03-27T15:37:57 IST" duration-ms="128" status="PASS">
          <params>
            <param index="0">
              <value>
                <![CDATA[fgh]]>
              </value>
            </param>
            <param index="1">
              <value>
                <![CDATA[hjk]]>
              </value>
            </param>
          </params>
          <reporter-output>
          </reporter-output>
        </test-method> <!-- addBook -->
      </class> <!-- DynamicJson -->
    </test> <!-- Default test -->
  </suite> <!-- Default suite -->
</testng-results>
