<?xml version="1.0" encoding="UTF-8"?>
<!-- Generated by org.testng.reporters.JUnitXMLReporter -->
<testsuite ignored="0" hostname="ITT-ARCHITJ" failures="1" tests="2" name="ErrorTest" time="11.265" errors="0" timestamp="2024-02-05T03:30:17 IST">
  <testcase classname="LearningAutomation.SeleniumFrameworkDesign.Test.ErrorValidation" name="WrongPasswordLogin" time="0.995">
    <skipped/>
  </testcase> <!-- WrongPasswordLogin -->
  <testcase classname="LearningAutomation.SeleniumFrameworkDesign.Test.ErrorValidation" name="WrongPasswordLogin" time="0.657">
    <failure type="org.junit.ComparisonFailure" message="expected:&amp;lt;Incorrect email [o]r password.&amp;gt; but was:&amp;lt;Incorrect email []r password.&amp;gt;">
      <![CDATA[org.junit.ComparisonFailure: expected:<Incorrect email [o]r password.> but was:<Incorrect email []r password.>
at org.junit.Assert.assertEquals(Assert.java:117)
at org.junit.Assert.assertEquals(Assert.java:146)
at LearningAutomation.SeleniumFrameworkDesign.Test.ErrorValidation.WrongPasswordLogin(ErrorValidation.java:16)
at java.base/java.util.ArrayList.forEach(ArrayList.java:1541)
at java.base/java.util.concurrent.FutureTask.run(FutureTask.java:264)
at java.base/java.util.concurrent.ThreadPoolExecutor.runWorker(ThreadPoolExecutor.java:1128)
at java.base/java.util.concurrent.ThreadPoolExecutor$Worker.run(ThreadPoolExecutor.java:628)
at java.base/java.lang.Thread.run(Thread.java:829)
... Removed 18 stack frames]]>
    </failure>
  </testcase> <!-- WrongPasswordLogin -->
</testsuite> <!-- ErrorTest -->
